# JRE version: OpenJDK Runtime Environment Temurin-21.0.7+6 (21.0.7+6) (build 21.0.7+6-LTS)
# Java VM: OpenJDK 64-Bit Server VM Temurin-21.0.7+6 (21.0.7+6-LTS, mixed mode, sharing, tiered, compressed oops, compressed class ptrs, parallel gc, windows-amd64)
GC Precious Log:
 CardTable entry size: 512
 CPUs: 8 total, 8 available
 Memory: 8044M
 Large Page Support: Disabled
 NUMA Support: Disabled
 Compressed Oops: Enabled (32-bit)
 Alignments: Space 512K, Generation 512K, Heap 2M
 Heap Min Capacity: 100M
 Heap Initial Capacity: 100M
 Heap Max Capacity: 1G
 Pre-touch: Disabled
 Parallel Workers: 8
Heap:
 PSYoungGen      total 6656K, used 3150K [0x00000000eab00000, 0x00000000eb500000, 0x0000000100000000)
  eden space 6144K, 48% used [0x00000000eab00000,0x00000000eadeb828,0x00000000eb100000)
  from space 512K, 31% used [0x00000000eb480000,0x00000000eb4a8000,0x00000000eb500000)
  to   space 512K, 0% used [0x00000000eb400000,0x00000000eb400000,0x00000000eb480000)
 ParOldGen       total 507392K, used 507220K [0x00000000c0000000, 0x00000000def80000, 0x00000000eab00000)
  object space 507392K, 99% used [0x00000000c0000000,0x00000000def55160,0x00000000def80000)
 Metaspace       used 66407K, committed 67776K, reserved 1114112K
  class space    used 6998K, committed 7616K, reserved 1048576K
GC Heap History (20 events):
Event: 21.938 GC heap before
{Heap before GC invocations=284 (full 3):
 PSYoungGen      total 4608K, used 4224K [0x00000000eab00000, 0x00000000eb180000, 0x0000000100000000)
  eden space 2560K, 100% used [0x00000000eab00000,0x00000000ead80000,0x00000000ead80000)
  from space 2048K, 81% used [0x00000000eaf80000,0x00000000eb120000,0x00000000eb180000)
  to   space 2048K, 0% used [0x00000000ead80000,0x00000000ead80000,0x00000000eaf80000)
 ParOldGen       total 488448K, used 488396K [0x00000000c0000000, 0x00000000ddd00000, 0x00000000eab00000)
  object space 488448K, 99% used [0x00000000c0000000,0x00000000ddcf3160,0x00000000ddd00000)
 Metaspace       used 65262K, committed 66688K, reserved 1114112K
  class space    used 6899K, committed 7552K, reserved 1048576K
}
Event: 21.941 GC heap after
{Heap after GC invocations=284 (full 3):
 PSYoungGen      total 4608K, used 2048K [0x00000000eab00000, 0x00000000eb600000, 0x0000000100000000)
  eden space 2560K, 0% used [0x00000000eab00000,0x00000000eab00000,0x00000000ead80000)
  from space 2048K, 100% used [0x00000000ead80000,0x00000000eaf80000,0x00000000eaf80000)
  to   space 4096K, 0% used [0x00000000eb200000,0x00000000eb200000,0x00000000eb600000)
 ParOldGen       total 489984K, used 489940K [0x00000000c0000000, 0x00000000dde80000, 0x00000000eab00000)
  object space 489984K, 99% used [0x00000000c0000000,0x00000000dde75160,0x00000000dde80000)
 Metaspace       used 65262K, committed 66688K, reserved 1114112K
  class space    used 6899K, committed 7552K, reserved 1048576K
}
Event: 21.948 GC heap before
{Heap before GC invocations=285 (full 3):
 PSYoungGen      total 4608K, used 4608K [0x00000000eab00000, 0x00000000eb600000, 0x0000000100000000)
  eden space 2560K, 100% used [0x00000000eab00000,0x00000000ead80000,0x00000000ead80000)
  from space 2048K, 100% used [0x00000000ead80000,0x00000000eaf80000,0x00000000eaf80000)
  to   space 4096K, 0% used [0x00000000eb200000,0x00000000eb200000,0x00000000eb600000)
 ParOldGen       total 489984K, used 489940K [0x00000000c0000000, 0x00000000dde80000, 0x00000000eab00000)
  object space 489984K, 99% used [0x00000000c0000000,0x00000000dde75160,0x00000000dde80000)
 Metaspace       used 65262K, committed 66688K, reserved 1114112K
  class space    used 6899K, committed 7552K, reserved 1048576K
}
Event: 21.953 GC heap after
{Heap after GC invocations=285 (full 3):
 PSYoungGen      total 5120K, used 2048K [0x00000000eab00000, 0x00000000eb400000, 0x0000000100000000)
  eden space 3072K, 0% used [0x00000000eab00000,0x00000000eab00000,0x00000000eae00000)
  from space 2048K, 100% used [0x00000000eb200000,0x00000000eb400000,0x00000000eb400000)
  to   space 3072K, 0% used [0x00000000eae00000,0x00000000eae00000,0x00000000eb100000)
 ParOldGen       total 492032K, used 491924K [0x00000000c0000000, 0x00000000de080000, 0x00000000eab00000)
  object space 492032K, 99% used [0x00000000c0000000,0x00000000de065160,0x00000000de080000)
 Metaspace       used 65262K, committed 66688K, reserved 1114112K
  class space    used 6899K, committed 7552K, reserved 1048576K
}
Event: 21.961 GC heap before
{Heap before GC invocations=286 (full 3):
 PSYoungGen      total 5120K, used 5120K [0x00000000eab00000, 0x00000000eb400000, 0x0000000100000000)
  eden space 3072K, 100% used [0x00000000eab00000,0x00000000eae00000,0x00000000eae00000)
  from space 2048K, 100% used [0x00000000eb200000,0x00000000eb400000,0x00000000eb400000)
  to   space 3072K, 0% used [0x00000000eae00000,0x00000000eae00000,0x00000000eb100000)
 ParOldGen       total 492032K, used 491924K [0x00000000c0000000, 0x00000000de080000, 0x00000000eab00000)
  object space 492032K, 99% used [0x00000000c0000000,0x00000000de065160,0x00000000de080000)
 Metaspace       used 65262K, committed 66688K, reserved 1114112K
  class space    used 6899K, committed 7552K, reserved 1048576K
}
Event: 21.966 GC heap after
{Heap after GC invocations=286 (full 3):
 PSYoungGen      total 6144K, used 2432K [0x00000000eab00000, 0x00000000eb400000, 0x0000000100000000)
  eden space 3072K, 0% used [0x00000000eab00000,0x00000000eab00000,0x00000000eae00000)
  from space 3072K, 79% used [0x00000000eae00000,0x00000000eb060000,0x00000000eb100000)
  to   space 2560K, 0% used [0x00000000eb180000,0x00000000eb180000,0x00000000eb400000)
 ParOldGen       total 494080K, used 493892K [0x00000000c0000000, 0x00000000de280000, 0x00000000eab00000)
  object space 494080K, 99% used [0x00000000c0000000,0x00000000de251160,0x00000000de280000)
 Metaspace       used 65262K, committed 66688K, reserved 1114112K
  class space    used 6899K, committed 7552K, reserved 1048576K
}
Event: 21.973 GC heap before
{Heap before GC invocations=287 (full 3):
 PSYoungGen      total 6144K, used 5504K [0x00000000eab00000, 0x00000000eb400000, 0x0000000100000000)
  eden space 3072K, 100% used [0x00000000eab00000,0x00000000eae00000,0x00000000eae00000)
  from space 3072K, 79% used [0x00000000eae00000,0x00000000eb060000,0x00000000eb100000)
  to   space 2560K, 0% used [0x00000000eb180000,0x00000000eb180000,0x00000000eb400000)
 ParOldGen       total 494080K, used 493892K [0x00000000c0000000, 0x00000000de280000, 0x00000000eab00000)
  object space 494080K, 99% used [0x00000000c0000000,0x00000000de251160,0x00000000de280000)
 Metaspace       used 65262K, committed 66688K, reserved 1114112K
  class space    used 6899K, committed 7552K, reserved 1048576K
}
Event: 21.977 GC heap after
{Heap after GC invocations=287 (full 3):
 PSYoungGen      total 6656K, used 2432K [0x00000000eab00000, 0x00000000eb400000, 0x0000000100000000)
  eden space 4096K, 0% used [0x00000000eab00000,0x00000000eab00000,0x00000000eaf00000)
  from space 2560K, 95% used [0x00000000eb180000,0x00000000eb3e0000,0x00000000eb400000)
  to   space 2560K, 0% used [0x00000000eaf00000,0x00000000eaf00000,0x00000000eb180000)
 ParOldGen       total 496640K, used 496260K [0x00000000c0000000, 0x00000000de500000, 0x00000000eab00000)
  object space 496640K, 99% used [0x00000000c0000000,0x00000000de4a1160,0x00000000de500000)
 Metaspace       used 65262K, committed 66688K, reserved 1114112K
  class space    used 6899K, committed 7552K, reserved 1048576K
}
Event: 21.988 GC heap before
{Heap before GC invocations=288 (full 3):
 PSYoungGen      total 6656K, used 6528K [0x00000000eab00000, 0x00000000eb400000, 0x0000000100000000)
  eden space 4096K, 100% used [0x00000000eab00000,0x00000000eaf00000,0x00000000eaf00000)
  from space 2560K, 95% used [0x00000000eb180000,0x00000000eb3e0000,0x00000000eb400000)
  to   space 2560K, 0% used [0x00000000eaf00000,0x00000000eaf00000,0x00000000eb180000)
 ParOldGen       total 496640K, used 496260K [0x00000000c0000000, 0x00000000de500000, 0x00000000eab00000)
  object space 496640K, 99% used [0x00000000c0000000,0x00000000de4a1160,0x00000000de500000)
 Metaspace       used 65262K, committed 66688K, reserved 1114112K
  class space    used 6899K, committed 7552K, reserved 1048576K
}
Event: 21.994 GC heap after
{Heap after GC invocations=288 (full 3):
 PSYoungGen      total 6656K, used 2560K [0x00000000eab00000, 0x00000000ebc00000, 0x0000000100000000)
  eden space 4096K, 0% used [0x00000000eab00000,0x00000000eab00000,0x00000000eaf00000)
  from space 2560K, 100% used [0x00000000eaf00000,0x00000000eb180000,0x00000000eb180000)
  to   space 6144K, 0% used [0x00000000eb600000,0x00000000eb600000,0x00000000ebc00000)
 ParOldGen       total 499712K, used 499204K [0x00000000c0000000, 0x00000000de800000, 0x00000000eab00000)
  object space 499712K, 99% used [0x00000000c0000000,0x00000000de781160,0x00000000de800000)
 Metaspace       used 65262K, committed 66688K, reserved 1114112K
  class space    used 6899K, committed 7552K, reserved 1048576K
}
Event: 22.005 GC heap before
{Heap before GC invocations=289 (full 3):
 PSYoungGen      total 6656K, used 6656K [0x00000000eab00000, 0x00000000ebc00000, 0x0000000100000000)
  eden space 4096K, 100% used [0x00000000eab00000,0x00000000eaf00000,0x00000000eaf00000)
  from space 2560K, 100% used [0x00000000eaf00000,0x00000000eb180000,0x00000000eb180000)
  to   space 6144K, 0% used [0x00000000eb600000,0x00000000eb600000,0x00000000ebc00000)
 ParOldGen       total 499712K, used 499204K [0x00000000c0000000, 0x00000000de800000, 0x00000000eab00000)
  object space 499712K, 99% used [0x00000000c0000000,0x00000000de781160,0x00000000de800000)
 Metaspace       used 65262K, committed 66688K, reserved 1114112K
  class space    used 6899K, committed 7552K, reserved 1048576K
}
Event: 22.012 GC heap after
{Heap after GC invocations=289 (full 3):
 PSYoungGen      total 8704K, used 3232K [0x00000000eab00000, 0x00000000eb980000, 0x0000000100000000)
  eden space 5120K, 0% used [0x00000000eab00000,0x00000000eab00000,0x00000000eb000000)
  from space 3584K, 90% used [0x00000000eb600000,0x00000000eb928000,0x00000000eb980000)
  to   space 4096K, 0% used [0x00000000eb180000,0x00000000eb180000,0x00000000eb580000)
 ParOldGen       total 502272K, used 501772K [0x00000000c0000000, 0x00000000dea80000, 0x00000000eab00000)
  object space 502272K, 99% used [0x00000000c0000000,0x00000000dea03160,0x00000000dea80000)
 Metaspace       used 65262K, committed 66688K, reserved 1114112K
  class space    used 6899K, committed 7552K, reserved 1048576K
}
Event: 31.698 GC heap before
{Heap before GC invocations=290 (full 3):
 PSYoungGen      total 8704K, used 8352K [0x00000000eab00000, 0x00000000eb980000, 0x0000000100000000)
  eden space 5120K, 100% used [0x00000000eab00000,0x00000000eb000000,0x00000000eb000000)
  from space 3584K, 90% used [0x00000000eb600000,0x00000000eb928000,0x00000000eb980000)
  to   space 4096K, 0% used [0x00000000eb180000,0x00000000eb180000,0x00000000eb580000)
 ParOldGen       total 502272K, used 501772K [0x00000000c0000000, 0x00000000dea80000, 0x00000000eab00000)
  object space 502272K, 99% used [0x00000000c0000000,0x00000000dea03160,0x00000000dea80000)
 Metaspace       used 65338K, committed 66688K, reserved 1114112K
  class space    used 6899K, committed 7552K, reserved 1048576K
}
Event: 31.704 GC heap after
{Heap after GC invocations=290 (full 3):
 PSYoungGen      total 9216K, used 2976K [0x00000000eab00000, 0x00000000eb800000, 0x0000000100000000)
  eden space 6144K, 0% used [0x00000000eab00000,0x00000000eab00000,0x00000000eb100000)
  from space 3072K, 96% used [0x00000000eb180000,0x00000000eb468030,0x00000000eb480000)
  to   space 3584K, 0% used [0x00000000eb480000,0x00000000eb480000,0x00000000eb800000)
 ParOldGen       total 505344K, used 504932K [0x00000000c0000000, 0x00000000ded80000, 0x00000000eab00000)
  object space 505344K, 99% used [0x00000000c0000000,0x00000000ded19160,0x00000000ded80000)
 Metaspace       used 65338K, committed 66688K, reserved 1114112K
  class space    used 6899K, committed 7552K, reserved 1048576K
}
Event: 37.292 GC heap before
{Heap before GC invocations=291 (full 3):
 PSYoungGen      total 9216K, used 9120K [0x00000000eab00000, 0x00000000eb800000, 0x0000000100000000)
  eden space 6144K, 100% used [0x00000000eab00000,0x00000000eb100000,0x00000000eb100000)
  from space 3072K, 96% used [0x00000000eb180000,0x00000000eb468030,0x00000000eb480000)
  to   space 3584K, 0% used [0x00000000eb480000,0x00000000eb480000,0x00000000eb800000)
 ParOldGen       total 505344K, used 504932K [0x00000000c0000000, 0x00000000ded80000, 0x00000000eab00000)
  object space 505344K, 99% used [0x00000000c0000000,0x00000000ded19160,0x00000000ded80000)
 Metaspace       used 65922K, committed 67264K, reserved 1114112K
  class space    used 6957K, committed 7552K, reserved 1048576K
}
Event: 37.307 GC heap after
{Heap after GC invocations=291 (full 3):
 PSYoungGen      total 6656K, used 288K [0x00000000eab00000, 0x00000000eb500000, 0x0000000100000000)
  eden space 6144K, 0% used [0x00000000eab00000,0x00000000eab00000,0x00000000eb100000)
  from space 512K, 56% used [0x00000000eb480000,0x00000000eb4c8000,0x00000000eb500000)
  to   space 1536K, 0% used [0x00000000eb200000,0x00000000eb200000,0x00000000eb380000)
 ParOldGen       total 507392K, used 506996K [0x00000000c0000000, 0x00000000def80000, 0x00000000eab00000)
  object space 507392K, 99% used [0x00000000c0000000,0x00000000def1d160,0x00000000def80000)
 Metaspace       used 65922K, committed 67264K, reserved 1114112K
  class space    used 6957K, committed 7552K, reserved 1048576K
}
Event: 50.468 GC heap before
{Heap before GC invocations=292 (full 3):
 PSYoungGen      total 6656K, used 6432K [0x00000000eab00000, 0x00000000eb500000, 0x0000000100000000)
  eden space 6144K, 100% used [0x00000000eab00000,0x00000000eb100000,0x00000000eb100000)
  from space 512K, 56% used [0x00000000eb480000,0x00000000eb4c8000,0x00000000eb500000)
  to   space 1536K, 0% used [0x00000000eb200000,0x00000000eb200000,0x00000000eb380000)
 ParOldGen       total 507392K, used 506996K [0x00000000c0000000, 0x00000000def80000, 0x00000000eab00000)
  object space 507392K, 99% used [0x00000000c0000000,0x00000000def1d160,0x00000000def80000)
 Metaspace       used 66078K, committed 67456K, reserved 1114112K
  class space    used 6964K, committed 7616K, reserved 1048576K
}
Event: 50.472 GC heap after
{Heap after GC invocations=292 (full 3):
 PSYoungGen      total 7680K, used 224K [0x00000000eab00000, 0x00000000eb500000, 0x0000000100000000)
  eden space 6144K, 0% used [0x00000000eab00000,0x00000000eab00000,0x00000000eb100000)
  from space 1536K, 14% used [0x00000000eb200000,0x00000000eb238000,0x00000000eb380000)
  to   space 512K, 0% used [0x00000000eb480000,0x00000000eb480000,0x00000000eb500000)
 ParOldGen       total 507392K, used 507156K [0x00000000c0000000, 0x00000000def80000, 0x00000000eab00000)
  object space 507392K, 99% used [0x00000000c0000000,0x00000000def45160,0x00000000def80000)
 Metaspace       used 66078K, committed 67456K, reserved 1114112K
  class space    used 6964K, committed 7616K, reserved 1048576K
}
Event: 72.514 GC heap before
{Heap before GC invocations=293 (full 3):
 PSYoungGen      total 7680K, used 6368K [0x00000000eab00000, 0x00000000eb500000, 0x0000000100000000)
  eden space 6144K, 100% used [0x00000000eab00000,0x00000000eb100000,0x00000000eb100000)
  from space 1536K, 14% used [0x00000000eb200000,0x00000000eb238000,0x00000000eb380000)
  to   space 512K, 0% used [0x00000000eb480000,0x00000000eb480000,0x00000000eb500000)
 ParOldGen       total 507392K, used 507156K [0x00000000c0000000, 0x00000000def80000, 0x00000000eab00000)
  object space 507392K, 99% used [0x00000000c0000000,0x00000000def45160,0x00000000def80000)
 Metaspace       used 66187K, committed 67584K, reserved 1114112K
  class space    used 6973K, committed 7616K, reserved 1048576K
}
Event: 72.523 GC heap after
{Heap after GC invocations=293 (full 3):
 PSYoungGen      total 6656K, used 160K [0x00000000eab00000, 0x00000000eb500000, 0x0000000100000000)
  eden space 6144K, 0% used [0x00000000eab00000,0x00000000eab00000,0x00000000eb100000)
  from space 512K, 31% used [0x00000000eb480000,0x00000000eb4a8000,0x00000000eb500000)
  to   space 512K, 0% used [0x00000000eb400000,0x00000000eb400000,0x00000000eb480000)
 ParOldGen       total 507392K, used 507220K [0x00000000c0000000, 0x00000000def80000, 0x00000000eab00000)
  object space 507392K, 99% used [0x00000000c0000000,0x00000000def55160,0x00000000def80000)
 Metaspace       used 66187K, committed 67584K, reserved 1114112K
  class space    used 6973K, committed 7616K, reserved 1048576K
}

